[2021-07-06 19:25:31.484] [exthost] [info] extension host started
[2021-07-06 19:25:31.967] [exthost] [info] ExtensionService#_doActivateExtension vscode.microsoft-authentication {"startup":false,"extensionId":{"value":"vscode.microsoft-authentication","_lower":"vscode.microsoft-authentication"},"activationEvent":"onAuthenticationRequest:microsoft"}
[2021-07-06 19:25:31.968] [exthost] [info] ExtensionService#loadCommonJSModule file:///snap/code/67/usr/share/code/resources/app/extensions/microsoft-authentication/dist/extension.js
[2021-07-06 19:25:32.041] [exthost] [info] ExtensionService#_doActivateExtension vscode.debug-auto-launch {"startup":true,"extensionId":{"value":"vscode.debug-auto-launch","_lower":"vscode.debug-auto-launch"},"activationEvent":"*"}
[2021-07-06 19:25:32.041] [exthost] [info] ExtensionService#loadCommonJSModule file:///snap/code/67/usr/share/code/resources/app/extensions/debug-auto-launch/dist/extension
[2021-07-06 19:25:32.051] [exthost] [info] ExtensionService#_doActivateExtension vscode.git {"startup":true,"extensionId":{"value":"vscode.github","_lower":"vscode.github"},"activationEvent":"*"}
[2021-07-06 19:25:32.051] [exthost] [info] ExtensionService#loadCommonJSModule file:///snap/code/67/usr/share/code/resources/app/extensions/git/dist/main
[2021-07-06 19:25:32.142] [exthost] [info] ExtensionService#_doActivateExtension vscode-icons-team.vscode-icons {"startup":true,"extensionId":{"value":"vscode-icons-team.vscode-icons","_lower":"vscode-icons-team.vscode-icons"},"activationEvent":"*"}
[2021-07-06 19:25:32.142] [exthost] [info] ExtensionService#loadCommonJSModule file:///root/.vscode/extensions/vscode-icons-team.vscode-icons-11.5.0/dist/src/vscode-icons.bundle.js
[2021-07-06 19:25:33.113] [exthost] [info] ExtensionService#_doActivateExtension ms-vscode.js-debug {"startup":false,"extensionId":{"value":"ms-vscode.js-debug","_lower":"ms-vscode.js-debug"},"activationEvent":"onCommand:extension.js-debug.clearAutoAttachVariables"}
[2021-07-06 19:25:33.113] [exthost] [info] ExtensionService#loadCommonJSModule file:///snap/code/67/usr/share/code/resources/app/extensions/ms-vscode.js-debug/src/extension.js
[2021-07-06 19:25:33.345] [exthost] [info] ExtensionService#_doActivateExtension vscode.github {"startup":false,"extensionId":{"value":"vscode.github","_lower":"vscode.github"},"activationEvent":"*"}
[2021-07-06 19:25:33.345] [exthost] [info] ExtensionService#loadCommonJSModule file:///snap/code/67/usr/share/code/resources/app/extensions/github/dist/extension.js
[2021-07-06 19:25:33.524] [exthost] [info] ExtensionService#_doActivateExtension vscode.github-authentication {"startup":false,"extensionId":{"value":"vscode.github-authentication","_lower":"vscode.github-authentication"},"activationEvent":"onAuthenticationRequest:github"}
[2021-07-06 19:25:33.524] [exthost] [info] ExtensionService#loadCommonJSModule file:///snap/code/67/usr/share/code/resources/app/extensions/github-authentication/dist/extension.js
[2021-07-06 19:25:34.548] [exthost] [warning] [Decorations] CAPPING events from decorations provider vscode.git 527
[2021-07-06 19:25:36.842] [exthost] [warning] [Decorations] CAPPING events from decorations provider vscode.git 527
[2021-07-06 19:25:41.932] [exthost] [info] ExtensionService#_doActivateExtension vscode.emmet {"startup":false,"extensionId":{"value":"vscode.emmet","_lower":"vscode.emmet"},"activationEvent":"onStartupFinished"}
[2021-07-06 19:25:41.932] [exthost] [info] ExtensionService#loadCommonJSModule file:///snap/code/67/usr/share/code/resources/app/extensions/emmet/dist/node/emmetNodeMain
[2021-07-06 19:25:41.941] [exthost] [info] ExtensionService#_doActivateExtension vscode.merge-conflict {"startup":false,"extensionId":{"value":"vscode.merge-conflict","_lower":"vscode.merge-conflict"},"activationEvent":"onStartupFinished"}
[2021-07-06 19:25:41.941] [exthost] [info] ExtensionService#loadCommonJSModule file:///snap/code/67/usr/share/code/resources/app/extensions/merge-conflict/dist/mergeConflictMain
[2021-07-06 19:25:41.945] [exthost] [info] ExtensionService#_doActivateExtension vscode.testing-editor-contributions {"startup":false,"extensionId":{"value":"vscode.testing-editor-contributions","_lower":"vscode.testing-editor-contributions"},"activationEvent":"onStartupFinished"}
[2021-07-06 19:25:41.946] [exthost] [info] ExtensionService#loadCommonJSModule file:///snap/code/67/usr/share/code/resources/app/extensions/testing-editor-contributions/dist/extension.js
[2021-07-06 19:25:42.606] [exthost] [warning] [Decorations] CAPPING events from decorations provider vscode.git 527
[2021-07-06 19:25:48.361] [exthost] [warning] [Decorations] CAPPING events from decorations provider vscode.git 527
[2021-07-06 19:25:54.088] [exthost] [warning] [Decorations] CAPPING events from decorations provider vscode.git 527
[2021-07-06 19:25:59.819] [exthost] [warning] [Decorations] CAPPING events from decorations provider vscode.git 527
[2021-07-06 19:26:05.528] [exthost] [warning] [Decorations] CAPPING events from decorations provider vscode.git 527
[2021-07-06 19:26:11.279] [exthost] [warning] [Decorations] CAPPING events from decorations provider vscode.git 525
[2021-07-06 19:26:17.017] [exthost] [warning] [Decorations] CAPPING events from decorations provider vscode.git 525
[2021-07-06 19:26:22.790] [exthost] [warning] [Decorations] CAPPING events from decorations provider vscode.git 525
[2021-07-06 19:26:28.534] [exthost] [warning] [Decorations] CAPPING events from decorations provider vscode.git 525
[2021-07-06 19:26:34.262] [exthost] [warning] [Decorations] CAPPING events from decorations provider vscode.git 525
[2021-07-06 19:26:39.974] [exthost] [warning] [Decorations] CAPPING events from decorations provider vscode.git 525
[2021-07-06 19:26:45.746] [exthost] [warning] [Decorations] CAPPING events from decorations provider vscode.git 526
[2021-07-06 19:35:07.079] [exthost] [warning] [Decorations] CAPPING events from decorations provider vscode.git 531
[2021-07-06 19:35:12.854] [exthost] [warning] [Decorations] CAPPING events from decorations provider vscode.git 531
[2021-07-06 19:35:18.593] [exthost] [warning] [Decorations] CAPPING events from decorations provider vscode.git 531
[2021-07-06 19:35:24.347] [exthost] [warning] [Decorations] CAPPING events from decorations provider vscode.git 531
[2021-07-06 19:35:30.117] [exthost] [warning] [Decorations] CAPPING events from decorations provider vscode.git 531
[2021-07-06 19:35:35.880] [exthost] [warning] [Decorations] CAPPING events from decorations provider vscode.git 531
[2021-07-06 19:35:41.615] [exthost] [warning] [Decorations] CAPPING events from decorations provider vscode.git 531
[2021-07-06 19:35:47.340] [exthost] [warning] [Decorations] CAPPING events from decorations provider vscode.git 531
[2021-07-06 19:35:53.090] [exthost] [warning] [Decorations] CAPPING events from decorations provider vscode.git 531
[2021-07-06 19:35:58.824] [exthost] [warning] [Decorations] CAPPING events from decorations provider vscode.git 531
[2021-07-06 19:36:04.652] [exthost] [warning] [Decorations] CAPPING events from decorations provider vscode.git 531
[2021-07-06 19:36:10.434] [exthost] [warning] [Decorations] CAPPING events from decorations provider vscode.git 531
[2021-07-06 19:36:16.162] [exthost] [warning] [Decorations] CAPPING events from decorations provider vscode.git 531
[2021-07-06 19:36:21.879] [exthost] [warning] [Decorations] CAPPING events from decorations provider vscode.git 531
[2021-07-06 19:36:27.621] [exthost] [warning] [Decorations] CAPPING events from decorations provider vscode.git 531
[2021-07-06 19:36:33.404] [exthost] [warning] [Decorations] CAPPING events from decorations provider vscode.git 531
[2021-07-06 19:36:39.162] [exthost] [warning] [Decorations] CAPPING events from decorations provider vscode.git 531
[2021-07-06 19:36:44.915] [exthost] [warning] [Decorations] CAPPING events from decorations provider vscode.git 531
[2021-07-06 19:36:50.670] [exthost] [warning] [Decorations] CAPPING events from decorations provider vscode.git 531
[2021-07-06 19:37:03.396] [exthost] [warning] [Decorations] CAPPING events from decorations provider vscode.git 531
[2021-07-06 19:37:09.131] [exthost] [warning] [Decorations] CAPPING events from decorations provider vscode.git 531
[2021-07-06 19:37:14.854] [exthost] [warning] [Decorations] CAPPING events from decorations provider vscode.git 531
[2021-07-06 19:37:20.619] [exthost] [warning] [Decorations] CAPPING events from decorations provider vscode.git 531
[2021-07-06 19:38:00.977] [exthost] [warning] [Decorations] CAPPING events from decorations provider vscode.git 534
[2021-07-06 19:38:06.737] [exthost] [warning] [Decorations] CAPPING events from decorations provider vscode.git 534
[2021-07-06 19:38:12.497] [exthost] [warning] [Decorations] CAPPING events from decorations provider vscode.git 534
[2021-07-06 19:38:18.230] [exthost] [warning] [Decorations] CAPPING events from decorations provider vscode.git 534
[2021-07-06 19:38:23.936] [exthost] [warning] [Decorations] CAPPING events from decorations provider vscode.git 534
[2021-07-06 19:38:29.654] [exthost] [warning] [Decorations] CAPPING events from decorations provider vscode.git 534
[2021-07-06 19:38:35.492] [exthost] [warning] [Decorations] CAPPING events from decorations provider vscode.git 534
[2021-07-06 19:38:41.306] [exthost] [warning] [Decorations] CAPPING events from decorations provider vscode.git 534
[2021-07-06 19:38:47.039] [exthost] [warning] [Decorations] CAPPING events from decorations provider vscode.git 534
[2021-07-06 19:38:52.766] [exthost] [warning] [Decorations] CAPPING events from decorations provider vscode.git 534
[2021-07-06 19:39:07.468] [exthost] [warning] [Decorations] CAPPING events from decorations provider vscode.git 534
[2021-07-06 19:39:13.229] [exthost] [warning] [Decorations] CAPPING events from decorations provider vscode.git 534
[2021-07-06 19:39:18.993] [exthost] [warning] [Decorations] CAPPING events from decorations provider vscode.git 534
[2021-07-06 19:39:24.775] [exthost] [warning] [Decorations] CAPPING events from decorations provider vscode.git 534
[2021-07-06 19:39:30.588] [exthost] [warning] [Decorations] CAPPING events from decorations provider vscode.git 534
[2021-07-06 19:39:36.335] [exthost] [warning] [Decorations] CAPPING events from decorations provider vscode.git 534
[2021-07-06 19:40:17.829] [exthost] [warning] [Decorations] CAPPING events from decorations provider vscode.git 534
[2021-07-06 19:40:23.632] [exthost] [warning] [Decorations] CAPPING events from decorations provider vscode.git 534
[2021-07-06 19:40:29.343] [exthost] [warning] [Decorations] CAPPING events from decorations provider vscode.git 534
[2021-07-06 19:40:35.064] [exthost] [warning] [Decorations] CAPPING events from decorations provider vscode.git 534
[2021-07-06 19:40:40.822] [exthost] [warning] [Decorations] CAPPING events from decorations provider vscode.git 534
[2021-07-06 19:40:46.614] [exthost] [warning] [Decorations] CAPPING events from decorations provider vscode.git 534
[2021-07-06 19:40:52.378] [exthost] [warning] [Decorations] CAPPING events from decorations provider vscode.git 534
[2021-07-06 19:40:58.156] [exthost] [warning] [Decorations] CAPPING events from decorations provider vscode.git 534
[2021-07-06 19:41:03.871] [exthost] [warning] [Decorations] CAPPING events from decorations provider vscode.git 534
[2021-07-06 19:41:09.643] [exthost] [warning] [Decorations] CAPPING events from decorations provider vscode.git 534
[2021-07-06 19:41:15.363] [exthost] [warning] [Decorations] CAPPING events from decorations provider vscode.git 534
[2021-07-06 19:41:21.170] [exthost] [warning] [Decorations] CAPPING events from decorations provider vscode.git 534
[2021-07-06 19:41:26.964] [exthost] [warning] [Decorations] CAPPING events from decorations provider vscode.git 534
[2021-07-06 19:41:32.700] [exthost] [warning] [Decorations] CAPPING events from decorations provider vscode.git 534
[2021-07-06 19:41:38.406] [exthost] [warning] [Decorations] CAPPING events from decorations provider vscode.git 534
[2021-07-06 19:41:44.207] [exthost] [warning] [Decorations] CAPPING events from decorations provider vscode.git 534
[2021-07-06 19:41:49.947] [exthost] [warning] [Decorations] CAPPING events from decorations provider vscode.git 534
[2021-07-06 19:41:55.674] [exthost] [warning] [Decorations] CAPPING events from decorations provider vscode.git 534
[2021-07-06 19:42:01.422] [exthost] [warning] [Decorations] CAPPING events from decorations provider vscode.git 534
[2021-07-06 19:42:07.189] [exthost] [warning] [Decorations] CAPPING events from decorations provider vscode.git 534
[2021-07-06 19:42:12.950] [exthost] [warning] [Decorations] CAPPING events from decorations provider vscode.git 534
[2021-07-06 19:42:18.740] [exthost] [warning] [Decorations] CAPPING events from decorations provider vscode.git 534
[2021-07-06 19:42:24.459] [exthost] [warning] [Decorations] CAPPING events from decorations provider vscode.git 534
[2021-07-06 19:42:30.178] [exthost] [warning] [Decorations] CAPPING events from decorations provider vscode.git 534
[2021-07-06 19:42:35.907] [exthost] [warning] [Decorations] CAPPING events from decorations provider vscode.git 534
[2021-07-06 19:42:41.627] [exthost] [warning] [Decorations] CAPPING events from decorations provider vscode.git 534
[2021-07-06 19:42:47.333] [exthost] [warning] [Decorations] CAPPING events from decorations provider vscode.git 534
[2021-07-06 19:42:53.050] [exthost] [warning] [Decorations] CAPPING events from decorations provider vscode.git 534
[2021-07-06 19:42:58.760] [exthost] [warning] [Decorations] CAPPING events from decorations provider vscode.git 534
[2021-07-06 19:43:04.461] [exthost] [warning] [Decorations] CAPPING events from decorations provider vscode.git 534
[2021-07-06 19:43:10.186] [exthost] [warning] [Decorations] CAPPING events from decorations provider vscode.git 534
[2021-07-06 19:43:15.886] [exthost] [warning] [Decorations] CAPPING events from decorations provider vscode.git 534
[2021-07-06 19:43:21.592] [exthost] [warning] [Decorations] CAPPING events from decorations provider vscode.git 534
[2021-07-06 19:43:27.288] [exthost] [warning] [Decorations] CAPPING events from decorations provider vscode.git 534
[2021-07-06 19:43:32.988] [exthost] [warning] [Decorations] CAPPING events from decorations provider vscode.git 534
[2021-07-06 19:43:38.707] [exthost] [warning] [Decorations] CAPPING events from decorations provider vscode.git 534
[2021-07-06 19:43:44.412] [exthost] [warning] [Decorations] CAPPING events from decorations provider vscode.git 534
[2021-07-06 19:43:50.110] [exthost] [warning] [Decorations] CAPPING events from decorations provider vscode.git 534
[2021-07-06 19:43:55.824] [exthost] [warning] [Decorations] CAPPING events from decorations provider vscode.git 534
[2021-07-06 19:44:01.527] [exthost] [warning] [Decorations] CAPPING events from decorations provider vscode.git 534
[2021-07-06 19:44:07.225] [exthost] [warning] [Decorations] CAPPING events from decorations provider vscode.git 534
[2021-07-06 19:44:12.914] [exthost] [warning] [Decorations] CAPPING events from decorations provider vscode.git 534
[2021-07-06 19:44:18.614] [exthost] [warning] [Decorations] CAPPING events from decorations provider vscode.git 534
[2021-07-06 19:44:24.329] [exthost] [warning] [Decorations] CAPPING events from decorations provider vscode.git 534
[2021-07-06 19:44:30.059] [exthost] [warning] [Decorations] CAPPING events from decorations provider vscode.git 534
[2021-07-06 19:44:35.768] [exthost] [warning] [Decorations] CAPPING events from decorations provider vscode.git 534
[2021-07-06 19:44:41.468] [exthost] [warning] [Decorations] CAPPING events from decorations provider vscode.git 534
[2021-07-06 19:44:47.180] [exthost] [warning] [Decorations] CAPPING events from decorations provider vscode.git 534
[2021-07-06 19:44:52.885] [exthost] [warning] [Decorations] CAPPING events from decorations provider vscode.git 534
[2021-07-06 19:44:58.587] [exthost] [warning] [Decorations] CAPPING events from decorations provider vscode.git 534
[2021-07-06 19:45:04.303] [exthost] [warning] [Decorations] CAPPING events from decorations provider vscode.git 534
[2021-07-06 19:45:10.021] [exthost] [warning] [Decorations] CAPPING events from decorations provider vscode.git 534
[2021-07-06 19:45:15.720] [exthost] [warning] [Decorations] CAPPING events from decorations provider vscode.git 534
[2021-07-06 19:45:21.428] [exthost] [warning] [Decorations] CAPPING events from decorations provider vscode.git 534
[2021-07-06 19:45:27.137] [exthost] [warning] [Decorations] CAPPING events from decorations provider vscode.git 534
[2021-07-06 19:45:32.837] [exthost] [warning] [Decorations] CAPPING events from decorations provider vscode.git 534
[2021-07-06 19:45:38.554] [exthost] [warning] [Decorations] CAPPING events from decorations provider vscode.git 534
[2021-07-06 19:45:44.272] [exthost] [warning] [Decorations] CAPPING events from decorations provider vscode.git 534
[2021-07-06 19:45:49.984] [exthost] [warning] [Decorations] CAPPING events from decorations provider vscode.git 534
[2021-07-06 19:45:55.783] [exthost] [warning] [Decorations] CAPPING events from decorations provider vscode.git 534
[2021-07-06 19:46:01.517] [exthost] [warning] [Decorations] CAPPING events from decorations provider vscode.git 534
[2021-07-06 19:46:07.283] [exthost] [warning] [Decorations] CAPPING events from decorations provider vscode.git 534
[2021-07-06 19:46:13.090] [exthost] [warning] [Decorations] CAPPING events from decorations provider vscode.git 534
[2021-07-06 19:46:18.854] [exthost] [warning] [Decorations] CAPPING events from decorations provider vscode.git 534
[2021-07-06 19:46:24.594] [exthost] [warning] [Decorations] CAPPING events from decorations provider vscode.git 534
[2021-07-06 19:46:30.333] [exthost] [warning] [Decorations] CAPPING events from decorations provider vscode.git 534
[2021-07-06 19:46:36.051] [exthost] [warning] [Decorations] CAPPING events from decorations provider vscode.git 534
[2021-07-06 19:46:41.747] [exthost] [warning] [Decorations] CAPPING events from decorations provider vscode.git 534
[2021-07-06 19:46:47.479] [exthost] [warning] [Decorations] CAPPING events from decorations provider vscode.git 534
[2021-07-06 19:46:53.206] [exthost] [warning] [Decorations] CAPPING events from decorations provider vscode.git 534
[2021-07-06 19:46:58.917] [exthost] [warning] [Decorations] CAPPING events from decorations provider vscode.git 534
[2021-07-06 19:47:04.624] [exthost] [warning] [Decorations] CAPPING events from decorations provider vscode.git 534
[2021-07-06 19:47:10.352] [exthost] [warning] [Decorations] CAPPING events from decorations provider vscode.git 534
[2021-07-06 19:47:16.086] [exthost] [warning] [Decorations] CAPPING events from decorations provider vscode.git 534
[2021-07-06 19:47:21.797] [exthost] [warning] [Decorations] CAPPING events from decorations provider vscode.git 534
[2021-07-06 19:47:27.534] [exthost] [warning] [Decorations] CAPPING events from decorations provider vscode.git 534
[2021-07-06 19:47:33.253] [exthost] [warning] [Decorations] CAPPING events from decorations provider vscode.git 534
[2021-07-06 19:47:38.965] [exthost] [warning] [Decorations] CAPPING events from decorations provider vscode.git 534
[2021-07-06 19:47:44.689] [exthost] [warning] [Decorations] CAPPING events from decorations provider vscode.git 534
[2021-07-06 19:47:50.399] [exthost] [warning] [Decorations] CAPPING events from decorations provider vscode.git 534
[2021-07-06 19:47:56.107] [exthost] [warning] [Decorations] CAPPING events from decorations provider vscode.git 534
[2021-07-06 19:48:01.803] [exthost] [warning] [Decorations] CAPPING events from decorations provider vscode.git 534
[2021-07-06 19:48:07.505] [exthost] [warning] [Decorations] CAPPING events from decorations provider vscode.git 534
[2021-07-06 19:48:13.212] [exthost] [warning] [Decorations] CAPPING events from decorations provider vscode.git 534
[2021-07-06 19:48:18.922] [exthost] [warning] [Decorations] CAPPING events from decorations provider vscode.git 534
[2021-07-06 19:48:24.638] [exthost] [warning] [Decorations] CAPPING events from decorations provider vscode.git 534
[2021-07-06 19:48:30.350] [exthost] [warning] [Decorations] CAPPING events from decorations provider vscode.git 534
[2021-07-06 19:48:36.059] [exthost] [warning] [Decorations] CAPPING events from decorations provider vscode.git 534
[2021-07-06 19:48:41.763] [exthost] [warning] [Decorations] CAPPING events from decorations provider vscode.git 534
[2021-07-06 19:48:47.473] [exthost] [warning] [Decorations] CAPPING events from decorations provider vscode.git 534
[2021-07-06 19:48:53.206] [exthost] [warning] [Decorations] CAPPING events from decorations provider vscode.git 534
[2021-07-06 19:48:58.918] [exthost] [warning] [Decorations] CAPPING events from decorations provider vscode.git 534
[2021-07-06 19:49:04.643] [exthost] [warning] [Decorations] CAPPING events from decorations provider vscode.git 534
[2021-07-06 19:49:10.390] [exthost] [warning] [Decorations] CAPPING events from decorations provider vscode.git 534
[2021-07-06 19:49:16.098] [exthost] [warning] [Decorations] CAPPING events from decorations provider vscode.git 534
[2021-07-06 19:49:21.809] [exthost] [warning] [Decorations] CAPPING events from decorations provider vscode.git 534
[2021-07-06 19:49:27.527] [exthost] [warning] [Decorations] CAPPING events from decorations provider vscode.git 534
[2021-07-06 19:49:33.243] [exthost] [warning] [Decorations] CAPPING events from decorations provider vscode.git 534
[2021-07-06 19:49:38.956] [exthost] [warning] [Decorations] CAPPING events from decorations provider vscode.git 534
[2021-07-06 19:49:44.655] [exthost] [warning] [Decorations] CAPPING events from decorations provider vscode.git 534
[2021-07-06 19:49:50.372] [exthost] [warning] [Decorations] CAPPING events from decorations provider vscode.git 534
[2021-07-06 19:49:56.083] [exthost] [warning] [Decorations] CAPPING events from decorations provider vscode.git 534
[2021-07-06 19:50:01.791] [exthost] [warning] [Decorations] CAPPING events from decorations provider vscode.git 534
[2021-07-06 19:50:07.521] [exthost] [warning] [Decorations] CAPPING events from decorations provider vscode.git 534
[2021-07-06 20:22:47.969] [exthost] [warning] [Decorations] CAPPING events from decorations provider vscode.git 534
[2021-07-06 20:22:53.705] [exthost] [warning] [Decorations] CAPPING events from decorations provider vscode.git 534
[2021-07-06 20:22:59.417] [exthost] [warning] [Decorations] CAPPING events from decorations provider vscode.git 534
[2021-07-06 20:23:05.148] [exthost] [warning] [Decorations] CAPPING events from decorations provider vscode.git 534
[2021-07-06 20:23:10.862] [exthost] [warning] [Decorations] CAPPING events from decorations provider vscode.git 534
[2021-07-06 20:23:16.575] [exthost] [warning] [Decorations] CAPPING events from decorations provider vscode.git 534
[2021-07-06 20:23:22.281] [exthost] [warning] [Decorations] CAPPING events from decorations provider vscode.git 534
[2021-07-06 20:23:27.991] [exthost] [warning] [Decorations] CAPPING events from decorations provider vscode.git 534
[2021-07-06 20:23:33.738] [exthost] [warning] [Decorations] CAPPING events from decorations provider vscode.git 534
[2021-07-06 20:23:39.486] [exthost] [warning] [Decorations] CAPPING events from decorations provider vscode.git 534
[2021-07-06 20:23:45.248] [exthost] [warning] [Decorations] CAPPING events from decorations provider vscode.git 534
[2021-07-06 20:23:50.947] [exthost] [warning] [Decorations] CAPPING events from decorations provider vscode.git 534
[2021-07-06 20:23:56.703] [exthost] [warning] [Decorations] CAPPING events from decorations provider vscode.git 534
[2021-07-06 20:24:20.955] [exthost] [warning] [Decorations] CAPPING events from decorations provider vscode.git 534
[2021-07-06 20:24:26.698] [exthost] [warning] [Decorations] CAPPING events from decorations provider vscode.git 534
[2021-07-06 20:24:32.447] [exthost] [warning] [Decorations] CAPPING events from decorations provider vscode.git 534
[2021-07-06 20:24:38.231] [exthost] [warning] [Decorations] CAPPING events from decorations provider vscode.git 534
[2021-07-06 20:24:43.962] [exthost] [warning] [Decorations] CAPPING events from decorations provider vscode.git 534
[2021-07-06 20:24:49.693] [exthost] [warning] [Decorations] CAPPING events from decorations provider vscode.git 534
[2021-07-06 20:24:55.413] [exthost] [warning] [Decorations] CAPPING events from decorations provider vscode.git 534
[2021-07-06 20:25:01.174] [exthost] [warning] [Decorations] CAPPING events from decorations provider vscode.git 534
[2021-07-06 20:25:06.908] [exthost] [warning] [Decorations] CAPPING events from decorations provider vscode.git 534
[2021-07-06 20:25:12.662] [exthost] [warning] [Decorations] CAPPING events from decorations provider vscode.git 534
[2021-07-06 20:25:18.434] [exthost] [warning] [Decorations] CAPPING events from decorations provider vscode.git 534
[2021-07-06 20:25:24.153] [exthost] [warning] [Decorations] CAPPING events from decorations provider vscode.git 534
[2021-07-06 20:25:29.888] [exthost] [warning] [Decorations] CAPPING events from decorations provider vscode.git 534
[2021-07-06 20:25:35.658] [exthost] [warning] [Decorations] CAPPING events from decorations provider vscode.git 534
[2021-07-06 20:25:41.395] [exthost] [warning] [Decorations] CAPPING events from decorations provider vscode.git 534
[2021-07-06 20:25:47.171] [exthost] [warning] [Decorations] CAPPING events from decorations provider vscode.git 534
[2021-07-06 20:25:52.906] [exthost] [warning] [Decorations] CAPPING events from decorations provider vscode.git 534
[2021-07-06 20:25:58.643] [exthost] [warning] [Decorations] CAPPING events from decorations provider vscode.git 534
[2021-07-06 20:26:04.361] [exthost] [warning] [Decorations] CAPPING events from decorations provider vscode.git 534
[2021-07-06 20:26:10.074] [exthost] [warning] [Decorations] CAPPING events from decorations provider vscode.git 534
[2021-07-06 20:26:15.785] [exthost] [warning] [Decorations] CAPPING events from decorations provider vscode.git 534
[2021-07-06 20:26:21.501] [exthost] [warning] [Decorations] CAPPING events from decorations provider vscode.git 534
[2021-07-06 20:26:27.204] [exthost] [warning] [Decorations] CAPPING events from decorations provider vscode.git 534
[2021-07-06 20:26:32.910] [exthost] [warning] [Decorations] CAPPING events from decorations provider vscode.git 534
[2021-07-06 20:26:38.618] [exthost] [warning] [Decorations] CAPPING events from decorations provider vscode.git 534
[2021-07-06 20:26:44.334] [exthost] [warning] [Decorations] CAPPING events from decorations provider vscode.git 534
[2021-07-06 20:26:50.128] [exthost] [warning] [Decorations] CAPPING events from decorations provider vscode.git 534
[2021-07-06 20:26:55.969] [exthost] [warning] [Decorations] CAPPING events from decorations provider vscode.git 534
[2021-07-06 20:37:42.465] [exthost] [warning] [Decorations] CAPPING events from decorations provider vscode.git 535
[2021-07-06 20:37:48.175] [exthost] [warning] [Decorations] CAPPING events from decorations provider vscode.git 535
[2021-07-06 20:37:53.905] [exthost] [warning] [Decorations] CAPPING events from decorations provider vscode.git 535
[2021-07-06 20:37:59.639] [exthost] [warning] [Decorations] CAPPING events from decorations provider vscode.git 535
[2021-07-06 20:38:05.386] [exthost] [warning] [Decorations] CAPPING events from decorations provider vscode.git 535
[2021-07-06 20:38:11.131] [exthost] [warning] [Decorations] CAPPING events from decorations provider vscode.git 535
[2021-07-06 20:38:16.956] [exthost] [warning] [Decorations] CAPPING events from decorations provider vscode.git 535
[2021-07-06 20:38:22.707] [exthost] [warning] [Decorations] CAPPING events from decorations provider vscode.git 535
[2021-07-06 20:38:28.443] [exthost] [warning] [Decorations] CAPPING events from decorations provider vscode.git 535
[2021-07-06 20:38:34.156] [exthost] [warning] [Decorations] CAPPING events from decorations provider vscode.git 535
[2021-07-06 20:38:39.864] [exthost] [warning] [Decorations] CAPPING events from decorations provider vscode.git 535
[2021-07-06 20:38:45.573] [exthost] [warning] [Decorations] CAPPING events from decorations provider vscode.git 535
[2021-07-06 20:39:07.873] [exthost] [warning] [Decorations] CAPPING events from decorations provider vscode.git 535
[2021-07-06 20:39:13.664] [exthost] [warning] [Decorations] CAPPING events from decorations provider vscode.git 535
[2021-07-06 20:39:19.444] [exthost] [warning] [Decorations] CAPPING events from decorations provider vscode.git 535
[2021-07-06 20:39:25.209] [exthost] [warning] [Decorations] CAPPING events from decorations provider vscode.git 535
[2021-07-06 20:39:30.944] [exthost] [warning] [Decorations] CAPPING events from decorations provider vscode.git 535
[2021-07-06 20:39:36.809] [exthost] [warning] [Decorations] CAPPING events from decorations provider vscode.git 661
[2021-07-06 20:39:42.629] [exthost] [warning] [Decorations] CAPPING events from decorations provider vscode.git 661
[2021-07-06 20:39:44.981] [exthost] [warning] [Decorations] CAPPING events from decorations provider vscode.git 661
[2021-07-06 20:39:47.693] [exthost] [warning] [Decorations] CAPPING events from decorations provider vscode.git 660
[2021-07-06 20:39:49.385] [exthost] [warning] [Decorations] CAPPING events from decorations provider vscode.git 660
